#
# There is insufficient memory for the Java Runtime Environment to continue.
# Native memory allocation (mmap) failed to map 106430464 bytes for committing reserved memory.
# Possible reasons:
#   The system is out of physical RAM or swap space
#   In 32 bit mode, the process size limit was hit
# Possible solutions:
#   Reduce memory load on the system
#   Increase physical memory or swap space
#   Check if swap backing store is full
#   Use 64 bit Java on a 64 bit OS
#   Decrease Java heap size (-Xmx/-Xms)
#   Decrease number of Java threads
#   Decrease Java thread stack sizes (-Xss)
#   Set larger code cache with -XX:ReservedCodeCacheSize=
# This output file may be truncated or incomplete.
#
#  Out of Memory Error (os_linux.cpp:2746), pid=10266, tid=0x00007f5de9ffd700
#
# JRE version: OpenJDK Runtime Environment (8.0_191-b12) (build 1.8.0_191-8u191-b12-2ubuntu0.16.04.1-b12)
# Java VM: OpenJDK 64-Bit Server VM (25.191-b12 mixed mode linux-amd64 compressed oops)
# Failed to write core dump. Core dumps have been disabled. To enable core dumping, try "ulimit -c unlimited" before starting Java again
#

---------------  T H R E A D  ---------------

Current thread (0x00007f5e00079000):  VMThread [stack: 0x00007f5de9efd000,0x00007f5de9ffe000] [id=10277]

Stack: [0x00007f5de9efd000,0x00007f5de9ffe000],  sp=0x00007f5de9ffc480,  free space=1021k
Native frames: (J=compiled Java code, j=interpreted, Vv=VM code, C=native code)
V  [libjvm.so+0xa7414b]
V  [libjvm.so+0x4c8ebc]
V  [libjvm.so+0x8c0c98]
V  [libjvm.so+0x8b82ce]
V  [libjvm.so+0x936566]
V  [libjvm.so+0x925bfa]
V  [libjvm.so+0x925e03]
V  [libjvm.so+0x926768]
V  [libjvm.so+0x92ca2e]
V  [libjvm.so+0x9343cd]
V  [libjvm.so+0x8e5b23]
V  [libjvm.so+0xa75df2]
V  [libjvm.so+0xa7af97]
V  [libjvm.so+0xa78697]
V  [libjvm.so+0xa79b1f]
V  [libjvm.so+0xa7a011]
V  [libjvm.so+0x8be002]

VM_Operation (0x00007f5e08c16fe0): ParallelGCFailedAllocation, mode: safepoint, requested by thread 0x00007f5e0000b000


---------------  P R O C E S S  ---------------

Java Threads: ( => current thread )
  0x00007f5e000c0800 JavaThread "Service Thread" daemon [_thread_blocked, id=10284, stack(0x00007f5de951e000,0x00007f5de961f000)]
  0x00007f5e000bd800 JavaThread "C1 CompilerThread2" daemon [_thread_blocked, id=10283, stack(0x00007f5de961f000,0x00007f5de9720000)]
  0x00007f5e000bb800 JavaThread "C2 CompilerThread1" daemon [_thread_blocked, id=10282, stack(0x00007f5de9720000,0x00007f5de9821000)]
  0x00007f5e000b8800 JavaThread "C2 CompilerThread0" daemon [_thread_blocked, id=10281, stack(0x00007f5de9821000,0x00007f5de9922000)]
  0x00007f5e000b7000 JavaThread "Signal Dispatcher" daemon [_thread_blocked, id=10280, stack(0x00007f5de9922000,0x00007f5de9a23000)]
  0x00007f5e00085000 JavaThread "Finalizer" daemon [_thread_blocked, id=10279, stack(0x00007f5de9cfb000,0x00007f5de9dfc000)]
  0x00007f5e00082800 JavaThread "Reference Handler" daemon [_thread_blocked, id=10278, stack(0x00007f5de9dfc000,0x00007f5de9efd000)]
  0x00007f5e0000b000 JavaThread "main" [_thread_blocked, id=10272, stack(0x00007f5e08b18000,0x00007f5e08c19000)]

Other Threads:
=>0x00007f5e00079000 VMThread [stack: 0x00007f5de9efd000,0x00007f5de9ffe000] [id=10277]
  0x00007f5e000c3000 WatcherThread [stack: 0x00007f5de941d000,0x00007f5de951e000] [id=10285]

VM state:at safepoint (normal execution)

VM Mutex/Monitor currently owned by a thread:  ([mutex/lock_event])
[0x00007f5e00007210] ExpandHeap_lock - owner thread: 0x00007f5e00079000
[0x00007f5e00007890] Threads_lock - owner thread: 0x00007f5e00079000
[0x00007f5e00007d90] Heap_lock - owner thread: 0x00007f5e0000b000

Heap:
 PSYoungGen      total 196608K, used 58830K [0x00000000ec000000, 0x0000000100000000, 0x0000000100000000)
  eden space 116736K, 0% used [0x00000000ec000000,0x00000000ec000000,0x00000000f3200000)
  from space 79872K, 73% used [0x00000000faf00000,0x00000000fe873978,0x00000000ffd00000)
  to   space 105472K, 0% used [0x00000000f3200000,0x00000000f3200000,0x00000000f9900000)
 ParOldGen       total 205824K, used 205450K [0x00000000c4000000, 0x00000000d0900000, 0x00000000ec000000)
  object space 205824K, 99% used [0x00000000c4000000,0x00000000d08a29f8,0x00000000d0900000)
 Metaspace       used 3179K, capacity 4780K, committed 5120K, reserved 1056768K
  class space    used 315K, capacity 424K, committed 512K, reserved 1048576K

Card table byte_map: [0x00007f5e04fe5000,0x00007f5e051c6000] byte_map_base: 0x00007f5e049c5000

Marking Bits: (ParMarkBitMap*) 0x00007f5e07de9520
 Begin Bits: [0x00007f5dea200000, 0x00007f5deb100000)
 End Bits:   [0x00007f5deb100000, 0x00007f5dec000000)

Polling page: 0x00007f5e08c3d000

CodeCache: size=245760Kb used=2728Kb max_used=2733Kb free=243031Kb
 bounds [0x00007f5df1000000, 0x00007f5df12b0000, 0x00007f5e00000000]
 total_blobs=697 nmethods=460 adapters=152
 compilation: enabled

Compilation events (10 events):
Event: 42.937 Thread 0x00007f5e000bb800  459 %     4       phylonet.coalescent.BasicClusterCollection::getContainedClusters @ 99 (189 bytes)
Event: 43.001 Thread 0x00007f5e000bd800  460       3       phylonet.util.BitSet::and (74 bytes)
Event: 43.001 Thread 0x00007f5e000b8800  461       4       phylonet.tree.model.sti.STITreeCluster::isDisjoint (70 bytes)
Event: 43.001 Thread 0x00007f5e000bd800 nmethod 460 0x00007f5df1299e90 code [0x00007f5df129a040, 0x00007f5df129a448]
Event: 43.001 Thread 0x00007f5e000bd800  464       3       phylonet.util.BitSet::recalculateWordsInUse (41 bytes)
Event: 43.001 Thread 0x00007f5e000bd800 nmethod 464 0x00007f5df1299990 code [0x00007f5df1299b00, 0x00007f5df1299d70]
Event: 43.001 Thread 0x00007f5e000bd800  463       3       java.util.HashMap::keySet (25 bytes)
Event: 43.002 Thread 0x00007f5e000bd800 nmethod 463 0x00007f5df12992d0 code [0x00007f5df1299460, 0x00007f5df12997f0]
Event: 43.002 Thread 0x00007f5e000bd800  462       3       java.util.HashSet::iterator (13 bytes)
Event: 43.002 Thread 0x00007f5e000bd800 nmethod 462 0x00007f5df1298d90 code [0x00007f5df1298f20, 0x00007f5df12991f8]

GC Heap History (10 events):
Event: 15.616 GC heap after
Heap after GC invocations=9 (full 2):
 PSYoungGen      total 119808K, used 33280K [0x00000000ec000000, 0x00000000faa80000, 0x0000000100000000)
  eden space 86528K, 0% used [0x00000000ec000000,0x00000000ec000000,0x00000000f1480000)
  from space 33280K, 100% used [0x00000000f1480000,0x00000000f3500000,0x00000000f3500000)
  to   space 55296K, 0% used [0x00000000f7480000,0x00000000f7480000,0x00000000faa80000)
 ParOldGen       total 125440K, used 95275K [0x00000000c4000000, 0x00000000cba80000, 0x00000000ec000000)
  object space 125440K, 75% used [0x00000000c4000000,0x00000000c9d0ac80,0x00000000cba80000)
 Metaspace       used 3123K, capacity 4780K, committed 5120K, reserved 1056768K
  class space    used 308K, capacity 424K, committed 512K, reserved 1048576K
}
Event: 15.616 GC heap before
{Heap before GC invocations=10 (full 3):
 PSYoungGen      total 119808K, used 33280K [0x00000000ec000000, 0x00000000faa80000, 0x0000000100000000)
  eden space 86528K, 0% used [0x00000000ec000000,0x00000000ec000000,0x00000000f1480000)
  from space 33280K, 100% used [0x00000000f1480000,0x00000000f3500000,0x00000000f3500000)
  to   space 55296K, 0% used [0x00000000f7480000,0x00000000f7480000,0x00000000faa80000)
 ParOldGen       total 125440K, used 95275K [0x00000000c4000000, 0x00000000cba80000, 0x00000000ec000000)
  object space 125440K, 75% used [0x00000000c4000000,0x00000000c9d0ac80,0x00000000cba80000)
 Metaspace       used 3123K, capacity 4780K, committed 5120K, reserved 1056768K
  class space    used 308K, capacity 424K, committed 512K, reserved 1048576K
Event: 22.642 GC heap after
Heap after GC invocations=10 (full 3):
 PSYoungGen      total 119808K, used 0K [0x00000000ec000000, 0x00000000faa80000, 0x0000000100000000)
  eden space 86528K, 0% used [0x00000000ec000000,0x00000000ec000000,0x00000000f1480000)
  from space 33280K, 0% used [0x00000000f1480000,0x00000000f1480000,0x00000000f3500000)
  to   space 55296K, 0% used [0x00000000f7480000,0x00000000f7480000,0x00000000faa80000)
 ParOldGen       total 205824K, used 124266K [0x00000000c4000000, 0x00000000d0900000, 0x00000000ec000000)
  object space 205824K, 60% used [0x00000000c4000000,0x00000000cb95a9f0,0x00000000d0900000)
 Metaspace       used 3123K, capacity 4780K, committed 5120K, reserved 1056768K
  class space    used 308K, capacity 424K, committed 512K, reserved 1048576K
}
Event: 24.904 GC heap before
{Heap before GC invocations=11 (full 3):
 PSYoungGen      total 119808K, used 86528K [0x00000000ec000000, 0x00000000faa80000, 0x0000000100000000)
  eden space 86528K, 100% used [0x00000000ec000000,0x00000000f1480000,0x00000000f1480000)
  from space 33280K, 0% used [0x00000000f1480000,0x00000000f1480000,0x00000000f3500000)
  to   space 55296K, 0% used [0x00000000f7480000,0x00000000f7480000,0x00000000faa80000)
 ParOldGen       total 205824K, used 124266K [0x00000000c4000000, 0x00000000d0900000, 0x00000000ec000000)
  object space 205824K, 60% used [0x00000000c4000000,0x00000000cb95a9f0,0x00000000d0900000)
 Metaspace       used 3123K, capacity 4780K, committed 5120K, reserved 1056768K
  class space    used 308K, capacity 424K, committed 512K, reserved 1048576K
Event: 28.645 GC heap after
Heap after GC invocations=11 (full 3):
 PSYoungGen      total 178688K, used 36352K [0x00000000ec000000, 0x00000000fa900000, 0x0000000100000000)
  eden space 124928K, 0% used [0x00000000ec000000,0x00000000ec000000,0x00000000f3a00000)
  from space 53760K, 67% used [0x00000000f7480000,0x00000000f9800040,0x00000000fa900000)
  to   space 56832K, 0% used [0x00000000f3a00000,0x00000000f3a00000,0x00000000f7180000)
 ParOldGen       total 205824K, used 124266K [0x00000000c4000000, 0x00000000d0900000, 0x00000000ec000000)
  object space 205824K, 60% used [0x00000000c4000000,0x00000000cb95a9f0,0x00000000d0900000)
 Metaspace       used 3123K, capacity 4780K, committed 5120K, reserved 1056768K
  class space    used 308K, capacity 424K, committed 512K, reserved 1048576K
}
Event: 29.942 GC heap before
{Heap before GC invocations=12 (full 3):
 PSYoungGen      total 178688K, used 161280K [0x00000000ec000000, 0x00000000fa900000, 0x0000000100000000)
  eden space 124928K, 100% used [0x00000000ec000000,0x00000000f3a00000,0x00000000f3a00000)
  from space 53760K, 67% used [0x00000000f7480000,0x00000000f9800040,0x00000000fa900000)
  to   space 56832K, 0% used [0x00000000f3a00000,0x00000000f3a00000,0x00000000f7180000)
 ParOldGen       total 205824K, used 124266K [0x00000000c4000000, 0x00000000d0900000, 0x00000000ec000000)
  object space 205824K, 60% used [0x00000000c4000000,0x00000000cb95a9f0,0x00000000d0900000)
 Metaspace       used 3123K, capacity 4780K, committed 5120K, reserved 1056768K
  class space    used 308K, capacity 424K, committed 512K, reserved 1048576K
Event: 35.266 GC heap after
Heap after GC invocations=12 (full 3):
 PSYoungGen      total 181760K, used 56800K [0x00000000ec000000, 0x00000000ffd00000, 0x0000000100000000)
  eden space 124928K, 0% used [0x00000000ec000000,0x00000000ec000000,0x00000000f3a00000)
  from space 56832K, 99% used [0x00000000f3a00000,0x00000000f7178010,0x00000000f7180000)
  to   space 79872K, 0% used [0x00000000faf00000,0x00000000faf00000,0x00000000ffd00000)
 ParOldGen       total 205824K, used 158310K [0x00000000c4000000, 0x00000000d0900000, 0x00000000ec000000)
  object space 205824K, 76% used [0x00000000c4000000,0x00000000cda99ab0,0x00000000d0900000)
 Metaspace       used 3123K, capacity 4780K, committed 5120K, reserved 1056768K
  class space    used 308K, capacity 424K, committed 512K, reserved 1048576K
}
Event: 45.008 GC heap before
{Heap before GC invocations=13 (full 3):
 PSYoungGen      total 181760K, used 181728K [0x00000000ec000000, 0x00000000ffd00000, 0x0000000100000000)
  eden space 124928K, 100% used [0x00000000ec000000,0x00000000f3a00000,0x00000000f3a00000)
  from space 56832K, 99% used [0x00000000f3a00000,0x00000000f7178010,0x00000000f7180000)
  to   space 79872K, 0% used [0x00000000faf00000,0x00000000faf00000,0x00000000ffd00000)
 ParOldGen       total 205824K, used 158310K [0x00000000c4000000, 0x00000000d0900000, 0x00000000ec000000)
  object space 205824K, 76% used [0x00000000c4000000,0x00000000cda99ab0,0x00000000d0900000)
 Metaspace       used 3179K, capacity 4780K, committed 5120K, reserved 1056768K
  class space    used 315K, capacity 424K, committed 512K, reserved 1048576K
Event: 56.674 GC heap after
Heap after GC invocations=13 (full 3):
 PSYoungGen      total 196608K, used 79872K [0x00000000ec000000, 0x0000000100000000, 0x0000000100000000)
  eden space 116736K, 0% used [0x00000000ec000000,0x00000000ec000000,0x00000000f3200000)
  from space 79872K, 100% used [0x00000000faf00000,0x00000000ffd00000,0x00000000ffd00000)
  to   space 105472K, 0% used [0x00000000f3200000,0x00000000f3200000,0x00000000f9900000)
 ParOldGen       total 205824K, used 192467K [0x00000000c4000000, 0x00000000d0900000, 0x00000000ec000000)
  object space 205824K, 93% used [0x00000000c4000000,0x00000000cfbf4fa0,0x00000000d0900000)
 Metaspace       used 3179K, capacity 4780K, committed 5120K, reserved 1056768K
  class space    used 315K, capacity 424K, committed 512K, reserved 1048576K
}
Event: 56.674 GC heap before
{Heap before GC invocations=14 (full 4):
 PSYoungGen      total 196608K, used 79872K [0x00000000ec000000, 0x0000000100000000, 0x0000000100000000)
  eden space 116736K, 0% used [0x00000000ec000000,0x00000000ec000000,0x00000000f3200000)
  from space 79872K, 100% used [0x00000000faf00000,0x00000000ffd00000,0x00000000ffd00000)
  to   space 105472K, 0% used [0x00000000f3200000,0x00000000f3200000,0x00000000f9900000)
 ParOldGen       total 205824K, used 192467K [0x00000000c4000000, 0x00000000d0900000, 0x00000000ec000000)
  object space 205824K, 93% used [0x00000000c4000000,0x00000000cfbf4fa0,0x00000000d0900000)
 Metaspace       used 3179K, capacity 4780K, committed 5120K, reserved 1056768K
  class space    used 315K, capacity 424K, committed 512K, reserved 1048576K

Deoptimization events (10 events):
Event: 4.897 Thread 0x00007f5e0000b000 Uncommon trap: reason=unstable_if action=reinterpret pc=0x00007f5df121a820 method=phylonet.util.BitSet.equals(Ljava/lang/Object;)Z @ 58
Event: 4.940 Thread 0x00007f5e0000b000 Uncommon trap: reason=unstable_if action=reinterpret pc=0x00007f5df117ea30 method=java.util.HashMap.resize()[Ljava/util/HashMap$Node; @ 206
Event: 8.744 Thread 0x00007f5e0000b000 Uncommon trap: reason=unstable_if action=reinterpret pc=0x00007f5df123e1c4 method=java.util.HashMap$TreeNode.putTreeVal(Ljava/util/HashMap;[Ljava/util/HashMap$Node;ILjava/lang/Object;Ljava/lang/Object;)Ljava/util/HashMap$TreeNode; @ 82
Event: 8.961 Thread 0x00007f5e0000b000 Uncommon trap: reason=unstable_if action=reinterpret pc=0x00007f5df1237a6c method=phylonet.coalescent.STBipartition.equals(Ljava/lang/Object;)Z @ 35
Event: 41.425 Thread 0x00007f5e0000b000 Uncommon trap: reason=unreached action=reinterpret pc=0x00007f5df128ecac method=phylonet.coalescent.DuplicationWeightCounter.computeTreeSTBipartitions(Lphylonet/coalescent/MGDInference_DP;)D @ 719
Event: 42.555 Thread 0x00007f5e0000b000 Uncommon trap: reason=unstable_if action=reinterpret pc=0x00007f5df1234d34 method=phylonet.util.BitSet.recalculateWordsInUse()V @ 25
Event: 42.854 Thread 0x00007f5e0000b000 Uncommon trap: reason=unstable_if action=reinterpret pc=0x00007f5df1288b88 method=phylonet.util.BitSet.contains(Lphylonet/util/BitSet;)Z @ 44
Event: 43.001 Thread 0x00007f5e0000b000 Uncommon trap: reason=unstable_if action=reinterpret pc=0x00007f5df123c1cc method=phylonet.util.BitSet.recalculateWordsInUse()V @ 25
Event: 43.001 Thread 0x00007f5e0000b000 Uncommon trap: reason=unstable_if action=reinterpret pc=0x00007f5df1289d48 method=java.util.HashMap.keySet()Ljava/util/Set; @ 6
Event: 43.001 Thread 0x00007f5e0000b000 Uncommon trap: reason=unstable_if action=reinterpret pc=0x00007f5df12982ac method=java.util.HashMap.keySet()Ljava/util/Set; @ 6

Classes redefined (0 events):
No events

Internal exceptions (3 events):
Event: 0.050 Thread 0x00007f5e0000b000 Exception <a 'java/lang/NoSuchMethodError': Method sun.misc.Unsafe.defineClass(Ljava/lang/String;[BII)Ljava/lang/Class; name or signature does not match> (0x00000000ec007cb0) thrown at [/build/openjdk-8-6jqSe7/openjdk-8-8u191-b12/src/hotspot/src/share/vm/
Event: 0.050 Thread 0x00007f5e0000b000 Exception <a 'java/lang/NoSuchMethodError': Method sun.misc.Unsafe.prefetchRead(Ljava/lang/Object;J)V name or signature does not match> (0x00000000ec007f98) thrown at [/build/openjdk-8-6jqSe7/openjdk-8-8u191-b12/src/hotspot/src/share/vm/prims/jni.cpp, lin
Event: 0.440 Thread 0x00007f5e0000b000 Implicit null exception at 0x00007f5df1136e51 to 0x00007f5df1136e8a

Events (10 events):
Event: 43.003 Thread 0x00007f5e0000b000 DEOPT UNPACKING pc=0x00007f5df10474c4 sp=0x00007f5e08c16ea0 mode 0
Event: 43.003 Thread 0x00007f5e0000b000 DEOPT PACKING pc=0x00007f5df12273fc sp=0x00007f5e08c17190
Event: 43.003 Thread 0x00007f5e0000b000 DEOPT UNPACKING pc=0x00007f5df10474c4 sp=0x00007f5e08c16ea0 mode 0
Event: 43.003 Thread 0x00007f5e0000b000 DEOPT PACKING pc=0x00007f5df12273fc sp=0x00007f5e08c17190
Event: 43.004 Thread 0x00007f5e0000b000 DEOPT UNPACKING pc=0x00007f5df10474c4 sp=0x00007f5e08c16ea0 mode 0
Event: 43.004 Thread 0x00007f5e0000b000 DEOPT PACKING pc=0x00007f5df12273fc sp=0x00007f5e08c17190
Event: 43.004 Thread 0x00007f5e0000b000 DEOPT UNPACKING pc=0x00007f5df10474c4 sp=0x00007f5e08c16ea0 mode 0
Event: 43.004 Thread 0x00007f5e0000b000 DEOPT PACKING pc=0x00007f5df12273fc sp=0x00007f5e08c17190
Event: 43.004 Thread 0x00007f5e0000b000 DEOPT UNPACKING pc=0x00007f5df10474c4 sp=0x00007f5e08c16ea0 mode 0
Event: 43.004 Executing VM operation: ParallelGCFailedAllocation


Dynamic libraries:
00400000-00401000 r-xp 00000000 08:07 1720588                            /usr/lib/jvm/java-8-openjdk-amd64/jre/bin/java
00600000-00601000 r--p 00000000 08:07 1720588                            /usr/lib/jvm/java-8-openjdk-amd64/jre/bin/java
00601000-00602000 rw-p 00001000 08:07 1720588                            /usr/lib/jvm/java-8-openjdk-amd64/jre/bin/java
01858000-01879000 rw-p 00000000 00:00 0                                  [heap]
c4000000-d0900000 rw-p 00000000 00:00 0 
d6e80000-ec000000 ---p 00000000 00:00 0 
ec000000-100000000 rw-p 00000000 00:00 0 
100000000-100080000 rw-p 00000000 00:00 0 
100080000-140000000 ---p 00000000 00:00 0 
7f5db4000000-7f5db4021000 rw-p 00000000 00:00 0 
7f5db4021000-7f5db8000000 ---p 00000000 00:00 0 
7f5db8000000-7f5db8021000 rw-p 00000000 00:00 0 
7f5db8021000-7f5dbc000000 ---p 00000000 00:00 0 
7f5dbc000000-7f5dbcb35000 rw-p 00000000 00:00 0 
7f5dbcb35000-7f5dc0000000 ---p 00000000 00:00 0 
7f5dc0000000-7f5dc02f5000 rw-p 00000000 00:00 0 
7f5dc02f5000-7f5dc4000000 ---p 00000000 00:00 0 
7f5dc4000000-7f5dc4021000 rw-p 00000000 00:00 0 
7f5dc4021000-7f5dc8000000 ---p 00000000 00:00 0 
7f5dc8000000-7f5dc8b3a000 rw-p 00000000 00:00 0 
7f5dc8b3a000-7f5dcc000000 ---p 00000000 00:00 0 
7f5dcc000000-7f5dcc021000 rw-p 00000000 00:00 0 
7f5dcc021000-7f5dd0000000 ---p 00000000 00:00 0 
7f5dd0000000-7f5dd0021000 rw-p 00000000 00:00 0 
7f5dd0021000-7f5dd4000000 ---p 00000000 00:00 0 
7f5dd4000000-7f5dd4021000 rw-p 00000000 00:00 0 
7f5dd4021000-7f5dd8000000 ---p 00000000 00:00 0 
7f5dd8000000-7f5dd8021000 rw-p 00000000 00:00 0 
7f5dd8021000-7f5ddc000000 ---p 00000000 00:00 0 
7f5ddc000000-7f5ddc021000 rw-p 00000000 00:00 0 
7f5ddc021000-7f5de0000000 ---p 00000000 00:00 0 
7f5de4000000-7f5de4021000 rw-p 00000000 00:00 0 
7f5de4021000-7f5de8000000 ---p 00000000 00:00 0 
7f5de941d000-7f5de941e000 ---p 00000000 00:00 0 
7f5de941e000-7f5de951e000 rw-p 00000000 00:00 0 
7f5de951e000-7f5de9521000 ---p 00000000 00:00 0 
7f5de9521000-7f5de961f000 rw-p 00000000 00:00 0 
7f5de961f000-7f5de9622000 ---p 00000000 00:00 0 
7f5de9622000-7f5de9720000 rw-p 00000000 00:00 0 
7f5de9720000-7f5de9723000 ---p 00000000 00:00 0 
7f5de9723000-7f5de9821000 rw-p 00000000 00:00 0 
7f5de9821000-7f5de9824000 ---p 00000000 00:00 0 
7f5de9824000-7f5de9922000 rw-p 00000000 00:00 0 
7f5de9922000-7f5de9925000 ---p 00000000 00:00 0 
7f5de9925000-7f5de9a23000 rw-p 00000000 00:00 0 
7f5de9a23000-7f5de9cfb000 r--p 00000000 08:07 1705594                    /usr/lib/locale/locale-archive
7f5de9cfb000-7f5de9cfe000 ---p 00000000 00:00 0 
7f5de9cfe000-7f5de9dfc000 rw-p 00000000 00:00 0 
7f5de9dfc000-7f5de9dff000 ---p 00000000 00:00 0 
7f5de9dff000-7f5de9efd000 rw-p 00000000 00:00 0 
7f5de9efd000-7f5de9efe000 ---p 00000000 00:00 0 
7f5de9efe000-7f5dec000000 rw-p 00000000 00:00 0 
7f5dec000000-7f5dec021000 rw-p 00000000 00:00 0 
7f5dec021000-7f5df0000000 ---p 00000000 00:00 0 
7f5df0050000-7f5df005c000 r--s 000d3000 08:07 2156469                    /home/mazharul-islam/Dropbox/Research/STELAR/main.jar
7f5df005c000-7f5df0062000 r--s 00030000 08:07 2156484                    /home/mazharul-islam/Dropbox/Research/STELAR/lib/junit-4.6.jar
7f5df0062000-7f5df0064000 r--s 0000b000 08:07 2156486                    /home/mazharul-islam/Dropbox/Research/STELAR/lib/jopt-simple-3.2.jar
7f5df0064000-7f5df0069000 r--s 002f9000 08:07 1720515                    /usr/lib/jvm/java-8-openjdk-amd64/jre/lib/charsets.jar
7f5df0069000-7f5df006e000 r--s 000a0000 08:07 1720583                    /usr/lib/jvm/java-8-openjdk-amd64/jre/lib/jsse.jar
7f5df006e000-7f5df0081000 r--s 00346000 08:07 1720582                    /usr/lib/jvm/java-8-openjdk-amd64/jre/lib/resources.jar
7f5df0081000-7f5df008b000 r--s 00116000 08:07 1720534                    /usr/lib/jvm/java-8-openjdk-amd64/jre/lib/ext/localedata.jar
7f5df008b000-7f5df00a6000 r--s 00394000 08:07 1720531                    /usr/lib/jvm/java-8-openjdk-amd64/jre/lib/ext/cldrdata.jar
7f5df00a6000-7f5df00c1000 r--s 001d6000 08:07 1720525                    /usr/lib/jvm/java-8-openjdk-amd64/jre/lib/ext/nashorn.jar
7f5df00c1000-7f5df0e31000 rw-p 00000000 00:00 0 
7f5df0e31000-7f5df1000000 r--s 03c33000 08:07 1720544                    /usr/lib/jvm/java-8-openjdk-amd64/jre/lib/rt.jar
7f5df1000000-7f5df12b0000 rwxp 00000000 00:00 0 
7f5df12b0000-7f5e00000000 ---p 00000000 00:00 0 
7f5e00000000-7f5e001ef000 rw-p 00000000 00:00 0 
7f5e001ef000-7f5e04000000 ---p 00000000 00:00 0 
7f5e04000000-7f5e04003000 r--s 00038000 08:07 1720526                    /usr/lib/jvm/java-8-openjdk-amd64/jre/lib/ext/sunpkcs11.jar
7f5e04003000-7f5e04009000 r--s 0003b000 08:07 1720532                    /usr/lib/jvm/java-8-openjdk-amd64/jre/lib/ext/sunjce_provider.jar
7f5e04009000-7f5e04541000 rw-p 00000000 00:00 0 
7f5e04541000-7f5e048c1000 ---p 00000000 00:00 0 
7f5e048c1000-7f5e04aa1000 rw-p 00000000 00:00 0 
7f5e04aa1000-7f5e04aa2000 ---p 00000000 00:00 0 
7f5e04aa2000-7f5e04ba2000 rw-p 00000000 00:00 0 
7f5e04ba2000-7f5e04ba3000 ---p 00000000 00:00 0 
7f5e04ba3000-7f5e04ca3000 rw-p 00000000 00:00 0 
7f5e04ca3000-7f5e04ca4000 ---p 00000000 00:00 0 
7f5e04ca4000-7f5e04da4000 rw-p 00000000 00:00 0 
7f5e04da4000-7f5e04da5000 ---p 00000000 00:00 0 
7f5e04da5000-7f5e04f0a000 rw-p 00000000 00:00 0 
7f5e04f0a000-7f5e04fe5000 ---p 00000000 00:00 0 
7f5e04fe5000-7f5e0504a000 rw-p 00000000 00:00 0 
7f5e0504a000-7f5e05125000 ---p 00000000 00:00 0 
7f5e05125000-7f5e051c5000 rw-p 00000000 00:00 0 
7f5e051c5000-7f5e051d1000 rw-p 00000000 00:00 0 
7f5e051d1000-7f5e05586000 ---p 00000000 00:00 0 
7f5e05586000-7f5e0558e000 r-xp 00000000 08:07 1720560                    /usr/lib/jvm/java-8-openjdk-amd64/jre/lib/amd64/libzip.so
7f5e0558e000-7f5e0578d000 ---p 00008000 08:07 1720560                    /usr/lib/jvm/java-8-openjdk-amd64/jre/lib/amd64/libzip.so
7f5e0578d000-7f5e0578e000 r--p 00007000 08:07 1720560                    /usr/lib/jvm/java-8-openjdk-amd64/jre/lib/amd64/libzip.so
7f5e0578e000-7f5e0578f000 rw-p 00008000 08:07 1720560                    /usr/lib/jvm/java-8-openjdk-amd64/jre/lib/amd64/libzip.so
7f5e0578f000-7f5e0579a000 r-xp 00000000 08:07 524385                     /lib/x86_64-linux-gnu/libnss_files-2.23.so
7f5e0579a000-7f5e05999000 ---p 0000b000 08:07 524385                     /lib/x86_64-linux-gnu/libnss_files-2.23.so
7f5e05999000-7f5e0599a000 r--p 0000a000 08:07 524385                     /lib/x86_64-linux-gnu/libnss_files-2.23.so
7f5e0599a000-7f5e0599b000 rw-p 0000b000 08:07 524385                     /lib/x86_64-linux-gnu/libnss_files-2.23.so
7f5e0599b000-7f5e059a1000 rw-p 00000000 00:00 0 
7f5e059a1000-7f5e059ac000 r-xp 00000000 08:07 529176                     /lib/x86_64-linux-gnu/libnss_nis-2.23.so
7f5e059ac000-7f5e05bab000 ---p 0000b000 08:07 529176                     /lib/x86_64-linux-gnu/libnss_nis-2.23.so
7f5e05bab000-7f5e05bac000 r--p 0000a000 08:07 529176                     /lib/x86_64-linux-gnu/libnss_nis-2.23.so
7f5e05bac000-7f5e05bad000 rw-p 0000b000 08:07 529176                     /lib/x86_64-linux-gnu/libnss_nis-2.23.so
7f5e05bad000-7f5e05bc3000 r-xp 00000000 08:07 524305                     /lib/x86_64-linux-gnu/libnsl-2.23.so
7f5e05bc3000-7f5e05dc2000 ---p 00016000 08:07 524305                     /lib/x86_64-linux-gnu/libnsl-2.23.so
7f5e05dc2000-7f5e05dc3000 r--p 00015000 08:07 524305                     /lib/x86_64-linux-gnu/libnsl-2.23.so
7f5e05dc3000-7f5e05dc4000 rw-p 00016000 08:07 524305                     /lib/x86_64-linux-gnu/libnsl-2.23.so
7f5e05dc4000-7f5e05dc6000 rw-p 00000000 00:00 0 
7f5e05dc6000-7f5e05dce000 r-xp 00000000 08:07 524380                     /lib/x86_64-linux-gnu/libnss_compat-2.23.so
7f5e05dce000-7f5e05fcd000 ---p 00008000 08:07 524380                     /lib/x86_64-linux-gnu/libnss_compat-2.23.so
7f5e05fcd000-7f5e05fce000 r--p 00007000 08:07 524380                     /lib/x86_64-linux-gnu/libnss_compat-2.23.so
7f5e05fce000-7f5e05fcf000 rw-p 00008000 08:07 524380                     /lib/x86_64-linux-gnu/libnss_compat-2.23.so
7f5e05fcf000-7f5e05ffc000 r-xp 00000000 08:07 1720564                    /usr/lib/jvm/java-8-openjdk-amd64/jre/lib/amd64/libjava.so
7f5e05ffc000-7f5e061fb000 ---p 0002d000 08:07 1720564                    /usr/lib/jvm/java-8-openjdk-amd64/jre/lib/amd64/libjava.so
7f5e061fb000-7f5e061fc000 r--p 0002c000 08:07 1720564                    /usr/lib/jvm/java-8-openjdk-amd64/jre/lib/amd64/libjava.so
7f5e061fc000-7f5e061fe000 rw-p 0002d000 08:07 1720564                    /usr/lib/jvm/java-8-openjdk-amd64/jre/lib/amd64/libjava.so
7f5e061fe000-7f5e0620d000 r-xp 00000000 08:07 1720568                    /usr/lib/jvm/java-8-openjdk-amd64/jre/lib/amd64/libverify.so
7f5e0620d000-7f5e0640c000 ---p 0000f000 08:07 1720568                    /usr/lib/jvm/java-8-openjdk-amd64/jre/lib/amd64/libverify.so
7f5e0640c000-7f5e0640e000 r--p 0000e000 08:07 1720568                    /usr/lib/jvm/java-8-openjdk-amd64/jre/lib/amd64/libverify.so
7f5e0640e000-7f5e0640f000 rw-p 00010000 08:07 1720568                    /usr/lib/jvm/java-8-openjdk-amd64/jre/lib/amd64/libverify.so
7f5e0640f000-7f5e06416000 r-xp 00000000 08:07 529218                     /lib/x86_64-linux-gnu/librt-2.23.so
7f5e06416000-7f5e06615000 ---p 00007000 08:07 529218                     /lib/x86_64-linux-gnu/librt-2.23.so
7f5e06615000-7f5e06616000 r--p 00006000 08:07 529218                     /lib/x86_64-linux-gnu/librt-2.23.so
7f5e06616000-7f5e06617000 rw-p 00007000 08:07 529218                     /lib/x86_64-linux-gnu/librt-2.23.so
7f5e06617000-7f5e0662d000 r-xp 00000000 08:07 529632                     /lib/x86_64-linux-gnu/libgcc_s.so.1
7f5e0662d000-7f5e0682c000 ---p 00016000 08:07 529632                     /lib/x86_64-linux-gnu/libgcc_s.so.1
7f5e0682c000-7f5e0682d000 rw-p 00015000 08:07 529632                     /lib/x86_64-linux-gnu/libgcc_s.so.1
7f5e0682d000-7f5e06935000 r-xp 00000000 08:07 524302                     /lib/x86_64-linux-gnu/libm-2.23.so
7f5e06935000-7f5e06b34000 ---p 00108000 08:07 524302                     /lib/x86_64-linux-gnu/libm-2.23.so
7f5e06b34000-7f5e06b35000 r--p 00107000 08:07 524302                     /lib/x86_64-linux-gnu/libm-2.23.so
7f5e06b35000-7f5e06b36000 rw-p 00108000 08:07 524302                     /lib/x86_64-linux-gnu/libm-2.23.so
7f5e06b36000-7f5e06ca8000 r-xp 00000000 08:07 1704335                    /usr/lib/x86_64-linux-gnu/libstdc++.so.6.0.21
7f5e06ca8000-7f5e06ea8000 ---p 00172000 08:07 1704335                    /usr/lib/x86_64-linux-gnu/libstdc++.so.6.0.21
7f5e06ea8000-7f5e06eb2000 r--p 00172000 08:07 1704335                    /usr/lib/x86_64-linux-gnu/libstdc++.so.6.0.21
7f5e06eb2000-7f5e06eb4000 rw-p 0017c000 08:07 1704335                    /usr/lib/x86_64-linux-gnu/libstdc++.so.6.0.21
7f5e06eb4000-7f5e06eb8000 rw-p 00000000 00:00 0 
7f5e06eb8000-7f5e07b19000 r-xp 00000000 08:07 1720573                    /usr/lib/jvm/java-8-openjdk-amd64/jre/lib/amd64/server/libjvm.so
7f5e07b19000-7f5e07d19000 ---p 00c61000 08:07 1720573                    /usr/lib/jvm/java-8-openjdk-amd64/jre/lib/amd64/server/libjvm.so
7f5e07d19000-7f5e07dad000 r--p 00c61000 08:07 1720573                    /usr/lib/jvm/java-8-openjdk-amd64/jre/lib/amd64/server/libjvm.so
7f5e07dad000-7f5e07dd6000 rw-p 00cf5000 08:07 1720573                    /usr/lib/jvm/java-8-openjdk-amd64/jre/lib/amd64/server/libjvm.so
7f5e07dd6000-7f5e07e06000 rw-p 00000000 00:00 0 
7f5e07e06000-7f5e07e1e000 r-xp 00000000 08:07 524371                     /lib/x86_64-linux-gnu/libpthread-2.23.so
7f5e07e1e000-7f5e0801d000 ---p 00018000 08:07 524371                     /lib/x86_64-linux-gnu/libpthread-2.23.so
7f5e0801d000-7f5e0801e000 r--p 00017000 08:07 524371                     /lib/x86_64-linux-gnu/libpthread-2.23.so
7f5e0801e000-7f5e0801f000 rw-p 00018000 08:07 524371                     /lib/x86_64-linux-gnu/libpthread-2.23.so
7f5e0801f000-7f5e08023000 rw-p 00000000 00:00 0 
7f5e08023000-7f5e08026000 r-xp 00000000 08:07 524374                     /lib/x86_64-linux-gnu/libdl-2.23.so
7f5e08026000-7f5e08225000 ---p 00003000 08:07 524374                     /lib/x86_64-linux-gnu/libdl-2.23.so
7f5e08225000-7f5e08226000 r--p 00002000 08:07 524374                     /lib/x86_64-linux-gnu/libdl-2.23.so
7f5e08226000-7f5e08227000 rw-p 00003000 08:07 524374                     /lib/x86_64-linux-gnu/libdl-2.23.so
7f5e08227000-7f5e08240000 r-xp 00000000 08:07 529785                     /lib/x86_64-linux-gnu/libz.so.1.2.8
7f5e08240000-7f5e0843f000 ---p 00019000 08:07 529785                     /lib/x86_64-linux-gnu/libz.so.1.2.8
7f5e0843f000-7f5e08440000 r--p 00018000 08:07 529785                     /lib/x86_64-linux-gnu/libz.so.1.2.8
7f5e08440000-7f5e08441000 rw-p 00019000 08:07 529785                     /lib/x86_64-linux-gnu/libz.so.1.2.8
7f5e08441000-7f5e08601000 r-xp 00000000 08:07 524372                     /lib/x86_64-linux-gnu/libc-2.23.so
7f5e08601000-7f5e08801000 ---p 001c0000 08:07 524372                     /lib/x86_64-linux-gnu/libc-2.23.so
7f5e08801000-7f5e08805000 r--p 001c0000 08:07 524372                     /lib/x86_64-linux-gnu/libc-2.23.so
7f5e08805000-7f5e08807000 rw-p 001c4000 08:07 524372                     /lib/x86_64-linux-gnu/libc-2.23.so
7f5e08807000-7f5e0880b000 rw-p 00000000 00:00 0 
7f5e0880b000-7f5e08818000 r-xp 00000000 08:07 1720565                    /usr/lib/jvm/java-8-openjdk-amd64/jre/lib/amd64/jli/libjli.so
7f5e08818000-7f5e08a18000 ---p 0000d000 08:07 1720565                    /usr/lib/jvm/java-8-openjdk-amd64/jre/lib/amd64/jli/libjli.so
7f5e08a18000-7f5e08a19000 r--p 0000d000 08:07 1720565                    /usr/lib/jvm/java-8-openjdk-amd64/jre/lib/amd64/jli/libjli.so
7f5e08a19000-7f5e08a1a000 rw-p 0000e000 08:07 1720565                    /usr/lib/jvm/java-8-openjdk-amd64/jre/lib/amd64/jli/libjli.so
7f5e08a1a000-7f5e08a40000 r-xp 00000000 08:07 524313                     /lib/x86_64-linux-gnu/ld-2.23.so
7f5e08a40000-7f5e08a42000 r--s 00016000 08:07 1720538                    /usr/lib/jvm/java-8-openjdk-amd64/jre/lib/jce.jar
7f5e08a42000-7f5e08a45000 r--s 0000f000 08:07 1720533                    /usr/lib/jvm/java-8-openjdk-amd64/jre/lib/ext/icedtea-sound.jar
7f5e08a45000-7f5e08a47000 r--s 00008000 08:07 1720527                    /usr/lib/jvm/java-8-openjdk-amd64/jre/lib/ext/sunec.jar
7f5e08a47000-7f5e08b18000 rw-p 00000000 00:00 0 
7f5e08b18000-7f5e08b1b000 ---p 00000000 00:00 0 
7f5e08b1b000-7f5e08c1d000 rw-p 00000000 00:00 0 
7f5e08c1d000-7f5e08c1e000 r--s 00010000 08:07 1720528                    /usr/lib/jvm/java-8-openjdk-amd64/jre/lib/ext/zipfs.jar
7f5e08c1e000-7f5e08c20000 r--s 00001000 08:07 1720529                    /usr/lib/jvm/java-8-openjdk-amd64/jre/lib/ext/dnsns.jar
7f5e08c20000-7f5e08c21000 r--s 0000a000 08:07 1720530                    /usr/lib/jvm/java-8-openjdk-amd64/jre/lib/ext/jaccess.jar
7f5e08c21000-7f5e08c34000 rw-p 00000000 00:00 0 
7f5e08c34000-7f5e08c3c000 rw-s 00000000 08:07 1314861                    /tmp/hsperfdata_mazharul-islam/10266
7f5e08c3c000-7f5e08c3d000 rw-p 00000000 00:00 0 
7f5e08c3d000-7f5e08c3e000 ---p 00000000 00:00 0 
7f5e08c3e000-7f5e08c3f000 rw-p 00000000 00:00 0 
7f5e08c3f000-7f5e08c40000 r--p 00025000 08:07 524313                     /lib/x86_64-linux-gnu/ld-2.23.so
7f5e08c40000-7f5e08c41000 rw-p 00026000 08:07 524313                     /lib/x86_64-linux-gnu/ld-2.23.so
7f5e08c41000-7f5e08c42000 rw-p 00000000 00:00 0 
7fff61b61000-7fff61b82000 rw-p 00000000 00:00 0                          [stack]
7fff61b98000-7fff61b9b000 r--p 00000000 00:00 0                          [vvar]
7fff61b9b000-7fff61b9d000 r-xp 00000000 00:00 0                          [vdso]
ffffffffff600000-ffffffffff601000 r-xp 00000000 00:00 0                  [vsyscall]

VM Arguments:
jvm_args: -Dfile.encoding=UTF-8 
java_command: phylonet.coalescent.MGDInference_DP -i test.50.tre
java_class_path (initial): /usr/lib/jvm/java-8-openjdk-amd64/jre/lib/resources.jar:/usr/lib/jvm/java-8-openjdk-amd64/jre/lib/rt.jar:/usr/lib/jvm/java-8-openjdk-amd64/jre/lib/jsse.jar:/usr/lib/jvm/java-8-openjdk-amd64/jre/lib/jce.jar:/usr/lib/jvm/java-8-openjdk-amd64/jre/lib/charsets.jar:/usr/lib/jvm/java-8-openjdk-amd64/jre/lib/ext/nashorn.jar:/usr/lib/jvm/java-8-openjdk-amd64/jre/lib/ext/jaccess.jar:/usr/lib/jvm/java-8-openjdk-amd64/jre/lib/ext/dnsns.jar:/usr/lib/jvm/java-8-openjdk-amd64/jre/lib/ext/sunec.jar:/usr/lib/jvm/java-8-openjdk-amd64/jre/lib/ext/cldrdata.jar:/usr/lib/jvm/java-8-openjdk-amd64/jre/lib/ext/sunjce_provider.jar:/usr/lib/jvm/java-8-openjdk-amd64/jre/lib/ext/localedata.jar:/usr/lib/jvm/java-8-openjdk-amd64/jre/lib/ext/zipfs.jar:/usr/lib/jvm/java-8-openjdk-amd64/jre/lib/ext/icedtea-sound.jar:/usr/lib/jvm/java-8-openjdk-amd64/jre/lib/ext/sunpkcs11.jar:/home/mazharul-islam/Dropbox/Research/STELAR/main:/home/mazharul-islam/Dropbox/Research/STELAR/lib/jopt-simple-3.2.jar:/home/mazharul-islam/Dropbox/Research/STELAR/lib/junit-4.6.jar:/home/mazharul-islam/Dropbox/Research/STELAR/main.jar:/home/mazharul-islam/Dropbox/Research/STELAR/lib/jsr166.jar
Launcher Type: SUN_STANDARD

Environment Variables:
JAVA_HOME=/usr/lib/jvm/java-8-oracle
PATH=/home/mazharul-islam/bin:/home/mazharul-islam/.local/bin:/usr/local/sbin:/usr/local/bin:/usr/sbin:/usr/bin:/sbin:/bin:/usr/games:/usr/local/games:/snap/bin:/usr/lib/jvm/java-8-oracle/bin:/usr/lib/jvm/java-8-oracle/db/bin:/usr/lib/jvm/java-8-oracle/jre/bin
SHELL=/bin/bash
DISPLAY=:0

Signal Handlers:
SIGSEGV: [libjvm.so+0xa74ca0], sa_mask[0]=11111111011111111101111111111110, sa_flags=SA_RESTART|SA_SIGINFO
SIGBUS: [libjvm.so+0xa74ca0], sa_mask[0]=11111111011111111101111111111110, sa_flags=SA_RESTART|SA_SIGINFO
SIGFPE: [libjvm.so+0x8bbcf0], sa_mask[0]=11111111011111111101111111111110, sa_flags=SA_RESTART|SA_SIGINFO
SIGPIPE: [libjvm.so+0x8bbcf0], sa_mask[0]=11111111011111111101111111111110, sa_flags=SA_RESTART|SA_SIGINFO
SIGXFSZ: [libjvm.so+0x8bbcf0], sa_mask[0]=11111111011111111101111111111110, sa_flags=SA_RESTART|SA_SIGINFO
SIGILL: [libjvm.so+0x8bbcf0], sa_mask[0]=11111111011111111101111111111110, sa_flags=SA_RESTART|SA_SIGINFO
SIGUSR1: SIG_DFL, sa_mask[0]=00000000000000000000000000000000, sa_flags=none
SIGUSR2: [libjvm.so+0x8bbba0], sa_mask[0]=00100000000000000000000000000000, sa_flags=SA_RESTART|SA_SIGINFO
SIGHUP: [libjvm.so+0x8bc230], sa_mask[0]=11111111011111111101111111111110, sa_flags=SA_RESTART|SA_SIGINFO
SIGINT: [libjvm.so+0x8bc230], sa_mask[0]=11111111011111111101111111111110, sa_flags=SA_RESTART|SA_SIGINFO
SIGTERM: [libjvm.so+0x8bc230], sa_mask[0]=11111111011111111101111111111110, sa_flags=SA_RESTART|SA_SIGINFO
SIGQUIT: [libjvm.so+0x8bc230], sa_mask[0]=11111111011111111101111111111110, sa_flags=SA_RESTART|SA_SIGINFO


---------------  S Y S T E M  ---------------

OS:DISTRIB_ID=Ubuntu
DISTRIB_RELEASE=16.04
DISTRIB_CODENAME=xenial
DISTRIB_DESCRIPTION="Ubuntu 16.04.5 LTS"

uname:Linux 4.15.0-45-generic #48~16.04.1-Ubuntu SMP Tue Jan 29 18:03:48 UTC 2019 x86_64
libc:glibc 2.23 NPTL 2.23 
rlimit: STACK 8192k, CORE 0k, NPROC 15101, NOFILE 1048576, AS infinity
load average:18.31 7.10 3.61

/proc/meminfo:
MemTotal:        3925412 kB
MemFree:          104608 kB
MemAvailable:      33300 kB
Buffers:            2600 kB
Cached:           130020 kB
SwapCached:         5644 kB
Active:          2956840 kB
Inactive:         617900 kB
Active(anon):    2933252 kB
Inactive(anon):   586672 kB
Active(file):      23588 kB
Inactive(file):    31228 kB
Unevictable:         944 kB
Mlocked:             944 kB
SwapTotal:       2097144 kB
SwapFree:            748 kB
Dirty:               308 kB
Writeback:          2296 kB
AnonPages:       3438572 kB
Mapped:           109100 kB
Shmem:             77560 kB
Slab:              96792 kB
SReclaimable:      40852 kB
SUnreclaim:        55940 kB
KernelStack:       16192 kB
PageTables:        70072 kB
NFS_Unstable:          0 kB
Bounce:                0 kB
WritebackTmp:          0 kB
CommitLimit:     4059848 kB
Committed_AS:   14258900 kB
VmallocTotal:   34359738367 kB
VmallocUsed:           0 kB
VmallocChunk:          0 kB
HardwareCorrupted:     0 kB
AnonHugePages:         0 kB
ShmemHugePages:        0 kB
ShmemPmdMapped:        0 kB
CmaTotal:              0 kB
CmaFree:               0 kB
HugePages_Total:       0
HugePages_Free:        0
HugePages_Rsvd:        0
HugePages_Surp:        0
Hugepagesize:       2048 kB
DirectMap4k:      211304 kB
DirectMap2M:     3868672 kB
DirectMap1G:           0 kB

container (cgroup) information:
container_type: cgroupv1
cpu_cpuset_cpus: 0-3
cpu_memory_nodes: 0
active_processor_count: 4
cpu_quota: -1
cpu_period: 100000
cpu_shares: -1
memory_limit_in_bytes: -1
memory_and_swap_limit_in_bytes: -2
memory_soft_limit_in_bytes: -1
memory_usage_in_bytes: 3661266944
memory_max_usage_in_bytes: 0


CPU:total 4 (initial active 4) (4 cores per cpu, 1 threads per core) family 6 model 158 stepping 9, cmov, cx8, fxsr, mmx, sse, sse2, sse3, ssse3, sse4.1, sse4.2, popcnt, avx, avx2, aes, clmul, erms, 3dnowpref, lzcnt, tsc, tscinvbit, bmi1, bmi2, adx

/proc/cpuinfo:
processor	: 0
vendor_id	: GenuineIntel
cpu family	: 6
model		: 158
model name	: Intel(R) Core(TM) i5-7400 CPU @ 3.00GHz
stepping	: 9
microcode	: 0x8e
cpu MHz		: 3392.628
cache size	: 6144 KB
physical id	: 0
siblings	: 4
core id		: 0
cpu cores	: 4
apicid		: 0
initial apicid	: 0
fpu		: yes
fpu_exception	: yes
cpuid level	: 22
wp		: yes
flags		: fpu vme de pse tsc msr pae mce cx8 apic sep mtrr pge mca cmov pat pse36 clflush dts acpi mmx fxsr sse sse2 ss ht tm pbe syscall nx pdpe1gb rdtscp lm constant_tsc art arch_perfmon pebs bts rep_good nopl xtopology nonstop_tsc cpuid aperfmperf tsc_known_freq pni pclmulqdq dtes64 monitor ds_cpl vmx est tm2 ssse3 sdbg fma cx16 xtpr pdcm pcid sse4_1 sse4_2 x2apic movbe popcnt tsc_deadline_timer aes xsave avx f16c rdrand lahf_lm abm 3dnowprefetch cpuid_fault invpcid_single pti ssbd ibrs ibpb stibp tpr_shadow vnmi flexpriority ept vpid fsgsbase tsc_adjust bmi1 avx2 smep bmi2 erms invpcid mpx rdseed adx smap clflushopt intel_pt xsaveopt xsavec xgetbv1 xsaves dtherm ida arat pln pts hwp hwp_notify hwp_act_window hwp_epp flush_l1d
bugs		: cpu_meltdown spectre_v1 spectre_v2 spec_store_bypass l1tf
bogomips	: 6000.00
clflush size	: 64
cache_alignment	: 64
address sizes	: 39 bits physical, 48 bits virtual
power management:

processor	: 1
vendor_id	: GenuineIntel
cpu family	: 6
model		: 158
model name	: Intel(R) Core(TM) i5-7400 CPU @ 3.00GHz
stepping	: 9
microcode	: 0x8e
cpu MHz		: 3397.303
cache size	: 6144 KB
physical id	: 0
siblings	: 4
core id		: 1
cpu cores	: 4
apicid		: 2
initial apicid	: 2
fpu		: yes
fpu_exception	: yes
cpuid level	: 22
wp		: yes
flags		: fpu vme de pse tsc msr pae mce cx8 apic sep mtrr pge mca cmov pat pse36 clflush dts acpi mmx fxsr sse sse2 ss ht tm pbe syscall nx pdpe1gb rdtscp lm constant_tsc art arch_perfmon pebs bts rep_good nopl xtopology nonstop_tsc cpuid aperfmperf tsc_known_freq pni pclmulqdq dtes64 monitor ds_cpl vmx est tm2 ssse3 sdbg fma cx16 xtpr pdcm pcid sse4_1 sse4_2 x2apic movbe popcnt tsc_deadline_timer aes xsave avx f16c rdrand lahf_lm abm 3dnowprefetch cpuid_fault invpcid_single pti ssbd ibrs ibpb stibp tpr_shadow vnmi flexpriority ept vpid fsgsbase tsc_adjust bmi1 avx2 smep bmi2 erms invpcid mpx rdseed adx smap clflushopt intel_pt xsaveopt xsavec xgetbv1 xsaves dtherm ida arat pln pts hwp hwp_notify hwp_act_window hwp_epp flush_l1d
bugs		: cpu_meltdown spectre_v1 spectre_v2 spec_store_bypass l1tf
bogomips	: 6000.00
clflush size	: 64
cache_alignment	: 64
address sizes	: 39 bits physical, 48 bits virtual
power management:

processor	: 2
vendor_id	: GenuineIntel
cpu family	: 6
model		: 158
model name	: Intel(R) Core(TM) i5-7400 CPU @ 3.00GHz
stepping	: 9
microcode	: 0x8e
cpu MHz		: 3399.157
cache size	: 6144 KB
physical id	: 0
siblings	: 4
core id		: 2
cpu cores	: 4
apicid		: 4
initial apicid	: 4
fpu		: yes
fpu_exception	: yes
cpuid level	: 22
wp		: yes
flags		: fpu vme de pse tsc msr pae mce cx8 apic sep mtrr pge mca cmov pat pse36 clflush dts acpi mmx fxsr sse sse2 ss ht tm pbe syscall nx pdpe1gb rdtscp lm constant_tsc art arch_perfmon pebs bts rep_good nopl xtopology nonstop_tsc cpuid aperfmperf tsc_known_freq pni pclmulqdq dtes64 monitor ds_cpl vmx est tm2 ssse3 sdbg fma cx16 xtpr pdcm pcid sse4_1 sse4_2 x2apic movbe popcnt tsc_deadline_timer aes xsave avx f16c rdrand lahf_lm abm 3dnowprefetch cpuid_fault invpcid_single pti ssbd ibrs ibpb stibp tpr_shadow vnmi flexpriority ept vpid fsgsbase tsc_adjust bmi1 avx2 smep bmi2 erms invpcid mpx rdseed adx smap clflushopt intel_pt xsaveopt xsavec xgetbv1 xsaves dtherm ida arat pln pts hwp hwp_notify hwp_act_window hwp_epp flush_l1d
bugs		: cpu_meltdown spectre_v1 spectre_v2 spec_store_bypass l1tf
bogomips	: 6000.00
clflush size	: 64
cache_alignment	: 64
address sizes	: 39 bits physical, 48 bits virtual
power management:

processor	: 3
vendor_id	: GenuineIntel
cpu family	: 6
model		: 158
model name	: Intel(R) Core(TM) i5-7400 CPU @ 3.00GHz
stepping	: 9
microcode	: 0x8e
cpu MHz		: 3300.192
cache size	: 6144 KB
physical id	: 0
siblings	: 4
core id		: 3
cpu cores	: 4
apicid		: 6
initial apicid	: 6
fpu		: yes
fpu_exception	: yes
cpuid level	: 22
wp		: yes
flags		: fpu vme de pse tsc msr pae mce cx8 apic sep mtrr pge mca cmov pat pse36 clflush dts acpi mmx fxsr sse sse2 ss ht tm pbe syscall nx pdpe1gb rdtscp lm constant_tsc art arch_perfmon pebs bts rep_good nopl xtopology nonstop_tsc cpuid aperfmperf tsc_known_freq pni pclmulqdq dtes64 monitor ds_cpl vmx est tm2 ssse3 sdbg fma cx16 xtpr pdcm pcid sse4_1 sse4_2 x2apic movbe popcnt tsc_deadline_timer aes xsave avx f16c rdrand lahf_lm abm 3dnowprefetch cpuid_fault invpcid_single pti ssbd ibrs ibpb stibp tpr_shadow vnmi flexpriority ept vpid fsgsbase tsc_adjust bmi1 avx2 smep bmi2 erms invpcid mpx rdseed adx smap clflushopt intel_pt xsaveopt xsavec xgetbv1 xsaves dtherm ida arat pln pts hwp hwp_notify hwp_act_window hwp_epp flush_l1d
bugs		: cpu_meltdown spectre_v1 spectre_v2 spec_store_bypass l1tf
bogomips	: 6000.00
clflush size	: 64
cache_alignment	: 64
address sizes	: 39 bits physical, 48 bits virtual
power management:



Memory: 4k page, physical 3925412k(101756k free), swap 2097144k(884k free)

vm_info: OpenJDK 64-Bit Server VM (25.191-b12) for linux-amd64 JRE (1.8.0_191-8u191-b12-2ubuntu0.16.04.1-b12), built on Jan 14 2019 21:59:52 by "buildd" with gcc 5.4.0 20160609

time: Tue Feb  5 19:20:48 2019
elapsed time: 73 seconds (0d 0h 1m 13s)

